2018-09-23 22:25:09,741 | FATAL | [Timer] | com.abcib.gls.intf.feed.notify.InFeedNotifier:runTask(38) | 1_Input_Transactions.txt file picked for processing. 
2018-09-23 22:25:09,743 | DEBUG | [GLSThread-323092018] | com.abcib.gls.intf.feed.handler.FeedNotificationHandler:run(43) | Processing started for feed file: 1_Input_Transactions.txt 
2018-09-23 22:25:09,743 | DEBUG | [GLSThread-323092018] | com.abcib.gls.intf.feed.handler.FeedNotificationHandler:processFeed(51) | Entering processOnlineTransactions() for feed processing for file: 1_Input_Transactions.txt 
2018-09-23 22:25:10,116 | DEBUG | [GLSThread-323092018] | com.abcib.gls.intf.feed.handler.RequestFeedHandler:handleTransactions(39) | Entering handleTransactions() for [TransactionDO [transactionSeq=null, transactionId=1, instrumentName=IBM, transactionType=B, transactionQuantity=1000], TransactionDO [transactionSeq=null, transactionId=2, instrumentName=APPL, transactionType=S, transactionQuantity=200], TransactionDO [transactionSeq=null, transactionId=3, instrumentName=AMZN, transactionType=S, transactionQuantity=5000], TransactionDO [transactionSeq=null, transactionId=4, instrumentName=MSFT, transactionType=B, transactionQuantity=50], TransactionDO [transactionSeq=null, transactionId=5, instrumentName=APPL, transactionType=B, transactionQuantity=100], TransactionDO [transactionSeq=null, transactionId=6, instrumentName=APPL, transactionType=S, transactionQuantity=20000], TransactionDO [transactionSeq=null, transactionId=7, instrumentName=AMZN, transactionType=S, transactionQuantity=5000], TransactionDO [transactionSeq=null, transactionId=8, instrumentName=MSFT, transactionType=S, transactionQuantity=300], TransactionDO [transactionSeq=null, transactionId=9, instrumentName=AMZN, transactionType=B, transactionQuantity=200], TransactionDO [transactionSeq=null, transactionId=10, instrumentName=APPL, transactionType=B, transactionQuantity=9000], TransactionDO [transactionSeq=null, transactionId=11, instrumentName=AMZN, transactionType=S, transactionQuantity=5000], TransactionDO [transactionSeq=null, transactionId=12, instrumentName=AMZN, transactionType=S, transactionQuantity=50]] 
2018-09-23 22:25:10,180 | DEBUG | [GLSThread-323092018] | com.abcib.gls.validator.TransactionValidator:validateOnlineTransactions(24) | Online Transaction Validation completed successfully. 
2018-09-23 22:25:10,181 | DEBUG | [GLSThread-323092018] | com.abcib.gls.processor.OnlineTxnProcessorImpl:processTransaction(32) | Entering processTransaction() for TransactionDO [transactionSeq=12131214, transactionId=1, instrumentName=IBM, transactionType=B, transactionQuantity=1000] 
2018-09-23 22:25:10,252 | DEBUG | [GLSThread-323092018] | com.abcib.gls.processor.OnlineTxnProcessorImpl:processTransaction(39) | Leaving processTransaction() 
2018-09-23 22:25:10,253 | DEBUG | [GLSThread-323092018] | com.abcib.gls.validator.TransactionValidator:validateOnlineTransactions(24) | Online Transaction Validation completed successfully. 
2018-09-23 22:25:10,253 | DEBUG | [GLSThread-323092018] | com.abcib.gls.processor.OnlineTxnProcessorImpl:processTransaction(32) | Entering processTransaction() for TransactionDO [transactionSeq=12131214, transactionId=2, instrumentName=APPL, transactionType=S, transactionQuantity=200] 
2018-09-23 22:25:10,334 | DEBUG | [GLSThread-323092018] | com.abcib.gls.processor.OnlineTxnProcessorImpl:processTransaction(39) | Leaving processTransaction() 
2018-09-23 22:25:10,334 | DEBUG | [GLSThread-323092018] | com.abcib.gls.validator.TransactionValidator:validateOnlineTransactions(24) | Online Transaction Validation completed successfully. 
2018-09-23 22:25:10,334 | DEBUG | [GLSThread-323092018] | com.abcib.gls.processor.OnlineTxnProcessorImpl:processTransaction(32) | Entering processTransaction() for TransactionDO [transactionSeq=12131214, transactionId=3, instrumentName=AMZN, transactionType=S, transactionQuantity=5000] 
2018-09-23 22:25:10,405 | DEBUG | [GLSThread-323092018] | com.abcib.gls.processor.OnlineTxnProcessorImpl:processTransaction(39) | Leaving processTransaction() 
2018-09-23 22:25:10,405 | DEBUG | [GLSThread-323092018] | com.abcib.gls.validator.TransactionValidator:validateOnlineTransactions(24) | Online Transaction Validation completed successfully. 
2018-09-23 22:25:10,405 | DEBUG | [GLSThread-323092018] | com.abcib.gls.processor.OnlineTxnProcessorImpl:processTransaction(32) | Entering processTransaction() for TransactionDO [transactionSeq=12131214, transactionId=4, instrumentName=MSFT, transactionType=B, transactionQuantity=50] 
2018-09-23 22:25:10,467 | DEBUG | [GLSThread-323092018] | com.abcib.gls.processor.OnlineTxnProcessorImpl:processTransaction(39) | Leaving processTransaction() 
2018-09-23 22:25:10,468 | DEBUG | [GLSThread-323092018] | com.abcib.gls.validator.TransactionValidator:validateOnlineTransactions(24) | Online Transaction Validation completed successfully. 
2018-09-23 22:25:10,468 | DEBUG | [GLSThread-323092018] | com.abcib.gls.processor.OnlineTxnProcessorImpl:processTransaction(32) | Entering processTransaction() for TransactionDO [transactionSeq=12131214, transactionId=5, instrumentName=APPL, transactionType=B, transactionQuantity=100] 
2018-09-23 22:25:10,535 | DEBUG | [GLSThread-323092018] | com.abcib.gls.processor.OnlineTxnProcessorImpl:processTransaction(39) | Leaving processTransaction() 
2018-09-23 22:25:10,535 | DEBUG | [GLSThread-323092018] | com.abcib.gls.validator.TransactionValidator:validateOnlineTransactions(24) | Online Transaction Validation completed successfully. 
2018-09-23 22:25:10,535 | DEBUG | [GLSThread-323092018] | com.abcib.gls.processor.OnlineTxnProcessorImpl:processTransaction(32) | Entering processTransaction() for TransactionDO [transactionSeq=12131214, transactionId=6, instrumentName=APPL, transactionType=S, transactionQuantity=20000] 
2018-09-23 22:25:10,595 | DEBUG | [GLSThread-323092018] | com.abcib.gls.processor.OnlineTxnProcessorImpl:processTransaction(39) | Leaving processTransaction() 
2018-09-23 22:25:10,595 | DEBUG | [GLSThread-323092018] | com.abcib.gls.validator.TransactionValidator:validateOnlineTransactions(24) | Online Transaction Validation completed successfully. 
2018-09-23 22:25:10,595 | DEBUG | [GLSThread-323092018] | com.abcib.gls.processor.OnlineTxnProcessorImpl:processTransaction(32) | Entering processTransaction() for TransactionDO [transactionSeq=12131214, transactionId=7, instrumentName=AMZN, transactionType=S, transactionQuantity=5000] 
2018-09-23 22:25:10,659 | DEBUG | [GLSThread-323092018] | com.abcib.gls.processor.OnlineTxnProcessorImpl:processTransaction(39) | Leaving processTransaction() 
2018-09-23 22:25:10,660 | DEBUG | [GLSThread-323092018] | com.abcib.gls.validator.TransactionValidator:validateOnlineTransactions(24) | Online Transaction Validation completed successfully. 
2018-09-23 22:25:10,660 | DEBUG | [GLSThread-323092018] | com.abcib.gls.processor.OnlineTxnProcessorImpl:processTransaction(32) | Entering processTransaction() for TransactionDO [transactionSeq=12131214, transactionId=8, instrumentName=MSFT, transactionType=S, transactionQuantity=300] 
2018-09-23 22:25:10,727 | DEBUG | [GLSThread-323092018] | com.abcib.gls.processor.OnlineTxnProcessorImpl:processTransaction(39) | Leaving processTransaction() 
2018-09-23 22:25:10,727 | DEBUG | [GLSThread-323092018] | com.abcib.gls.validator.TransactionValidator:validateOnlineTransactions(24) | Online Transaction Validation completed successfully. 
2018-09-23 22:25:10,727 | DEBUG | [GLSThread-323092018] | com.abcib.gls.processor.OnlineTxnProcessorImpl:processTransaction(32) | Entering processTransaction() for TransactionDO [transactionSeq=12131214, transactionId=9, instrumentName=AMZN, transactionType=B, transactionQuantity=200] 
2018-09-23 22:25:10,794 | DEBUG | [GLSThread-323092018] | com.abcib.gls.processor.OnlineTxnProcessorImpl:processTransaction(39) | Leaving processTransaction() 
2018-09-23 22:25:10,795 | DEBUG | [GLSThread-323092018] | com.abcib.gls.validator.TransactionValidator:validateOnlineTransactions(24) | Online Transaction Validation completed successfully. 
2018-09-23 22:25:10,795 | DEBUG | [GLSThread-323092018] | com.abcib.gls.processor.OnlineTxnProcessorImpl:processTransaction(32) | Entering processTransaction() for TransactionDO [transactionSeq=12131214, transactionId=10, instrumentName=APPL, transactionType=B, transactionQuantity=9000] 
2018-09-23 22:25:10,865 | DEBUG | [GLSThread-323092018] | com.abcib.gls.processor.OnlineTxnProcessorImpl:processTransaction(39) | Leaving processTransaction() 
2018-09-23 22:25:10,865 | DEBUG | [GLSThread-323092018] | com.abcib.gls.validator.TransactionValidator:validateOnlineTransactions(24) | Online Transaction Validation completed successfully. 
2018-09-23 22:25:10,865 | DEBUG | [GLSThread-323092018] | com.abcib.gls.processor.OnlineTxnProcessorImpl:processTransaction(32) | Entering processTransaction() for TransactionDO [transactionSeq=12131214, transactionId=11, instrumentName=AMZN, transactionType=S, transactionQuantity=5000] 
2018-09-23 22:25:10,939 | DEBUG | [GLSThread-323092018] | com.abcib.gls.processor.OnlineTxnProcessorImpl:processTransaction(39) | Leaving processTransaction() 
2018-09-23 22:25:10,940 | DEBUG | [GLSThread-323092018] | com.abcib.gls.validator.TransactionValidator:validateOnlineTransactions(24) | Online Transaction Validation completed successfully. 
2018-09-23 22:25:10,940 | DEBUG | [GLSThread-323092018] | com.abcib.gls.processor.OnlineTxnProcessorImpl:processTransaction(32) | Entering processTransaction() for TransactionDO [transactionSeq=12131214, transactionId=12, instrumentName=AMZN, transactionType=S, transactionQuantity=50] 
2018-09-23 22:25:11,011 | DEBUG | [GLSThread-323092018] | com.abcib.gls.processor.OnlineTxnProcessorImpl:processTransaction(39) | Leaving processTransaction() 
2018-09-23 22:25:11,013 | DEBUG | [GLSThread-323092018] | com.abcib.gls.intf.feed.handler.ResponseFeedHandler:handleEODTransactions(39) | Entering handleEODTransactions() 
2018-09-23 22:25:11,046 | FATAL | [GLSThread-323092018] | com.abcib.gls.intf.feed.handler.ResponseFeedHandler:moveEODfilesToArchivePath(149) | EOD feed files moved from response to archive directory successfully. 
2018-09-23 22:25:11,047 | DEBUG | [GLSThread-323092018] | com.abcib.gls.processor.EODProcessorImpl:processTransaction(41) | Entering processTransaction() for EndOfDayPositionDO [transactionSeq=4, instrumentName=IBM, accountId=null, accountType=null, eodQuantity=null, deltaQuantity=null] 
2018-09-23 22:25:11,134 | DEBUG | [GLSThread-323092018] | com.abcib.gls.processor.EODProcessorImpl:processTransaction(56) | OpeningPositionDO List for EOD : [OpeningPositionDO [transactionSeq=2, instrumentName=IBM, accountId=101, accountType=E, openingQuantity=100000], OpeningPositionDO [transactionSeq=2, instrumentName=IBM, accountId=201, accountType=I, openingQuantity=-100000]] 
2018-09-23 22:25:11,135 | DEBUG | [GLSThread-323092018] | com.abcib.gls.processor.EODProcessorImpl:processTransaction(73) | EOD Position DO Map for EOD : {201I=EndOfDayPositionDO [transactionSeq=4, instrumentName=IBM, accountId=201, accountType=I, eodQuantity=-100000, deltaQuantity=null], 101E=EndOfDayPositionDO [transactionSeq=4, instrumentName=IBM, accountId=101, accountType=E, eodQuantity=100000, deltaQuantity=null]} 
2018-09-23 22:25:11,135 | DEBUG | [GLSThread-323092018] | com.abcib.gls.processor.EODProcessorImpl:processTransaction(79) | EOD key set to be processed : [201I, 101E] 
2018-09-23 22:25:11,136 | DEBUG | [GLSThread-323092018] | com.abcib.gls.processor.EODProcessorImpl:processTransaction(110) | EOD Position DO Map for EOD : {201I=EndOfDayPositionDO [transactionSeq=4, instrumentName=IBM, accountId=201, accountType=I, eodQuantity=-100000, deltaQuantity=null], 101E=EndOfDayPositionDO [transactionSeq=4, instrumentName=IBM, accountId=101, accountType=E, eodQuantity=100000, deltaQuantity=null]} 
2018-09-23 22:25:11,136 | DEBUG | [GLSThread-323092018] | com.abcib.gls.processor.EODProcessorImpl:processTransaction(114) | SOD Position DO Map for EOD : {201I=OpeningPositionDO [transactionSeq=2, instrumentName=IBM, accountId=201, accountType=I, openingQuantity=-100000], 101E=OpeningPositionDO [transactionSeq=2, instrumentName=IBM, accountId=101, accountType=E, openingQuantity=100000]} 
2018-09-23 22:25:11,258 | DEBUG | [GLSThread-323092018] | com.abcib.gls.processor.EODProcessorImpl:processTransaction(139) | Leaving processTransaction() 
2018-09-23 22:25:11,259 | DEBUG | [GLSThread-323092018] | com.abcib.gls.processor.EODProcessorImpl:processTransaction(41) | Entering processTransaction() for EndOfDayPositionDO [transactionSeq=4, instrumentName=MSFT, accountId=null, accountType=null, eodQuantity=null, deltaQuantity=null] 
2018-09-23 22:25:11,349 | DEBUG | [GLSThread-323092018] | com.abcib.gls.processor.EODProcessorImpl:processTransaction(56) | OpeningPositionDO List for EOD : [OpeningPositionDO [transactionSeq=2, instrumentName=MSFT, accountId=101, accountType=E, openingQuantity=5000000], OpeningPositionDO [transactionSeq=2, instrumentName=MSFT, accountId=201, accountType=I, openingQuantity=-5000000]] 
2018-09-23 22:25:11,350 | DEBUG | [GLSThread-323092018] | com.abcib.gls.processor.EODProcessorImpl:processTransaction(73) | EOD Position DO Map for EOD : {201I=EndOfDayPositionDO [transactionSeq=4, instrumentName=MSFT, accountId=201, accountType=I, eodQuantity=-5000000, deltaQuantity=null], 101E=EndOfDayPositionDO [transactionSeq=4, instrumentName=MSFT, accountId=101, accountType=E, eodQuantity=5000000, deltaQuantity=null]} 
2018-09-23 22:25:11,350 | DEBUG | [GLSThread-323092018] | com.abcib.gls.processor.EODProcessorImpl:processTransaction(79) | EOD key set to be processed : [201I, 101E] 
2018-09-23 22:25:11,350 | DEBUG | [GLSThread-323092018] | com.abcib.gls.processor.EODProcessorImpl:processTransaction(110) | EOD Position DO Map for EOD : {201I=EndOfDayPositionDO [transactionSeq=4, instrumentName=MSFT, accountId=201, accountType=I, eodQuantity=-5000000, deltaQuantity=null], 101E=EndOfDayPositionDO [transactionSeq=4, instrumentName=MSFT, accountId=101, accountType=E, eodQuantity=5000000, deltaQuantity=null]} 
2018-09-23 22:25:11,351 | DEBUG | [GLSThread-323092018] | com.abcib.gls.processor.EODProcessorImpl:processTransaction(114) | SOD Position DO Map for EOD : {201I=OpeningPositionDO [transactionSeq=2, instrumentName=MSFT, accountId=201, accountType=I, openingQuantity=-5000000], 101E=OpeningPositionDO [transactionSeq=2, instrumentName=MSFT, accountId=101, accountType=E, openingQuantity=5000000]} 
2018-09-23 22:25:11,463 | DEBUG | [GLSThread-323092018] | com.abcib.gls.processor.EODProcessorImpl:processTransaction(139) | Leaving processTransaction() 
2018-09-23 22:25:11,463 | DEBUG | [GLSThread-323092018] | com.abcib.gls.processor.EODProcessorImpl:processTransaction(41) | Entering processTransaction() for EndOfDayPositionDO [transactionSeq=4, instrumentName=APPL, accountId=null, accountType=null, eodQuantity=null, deltaQuantity=null] 
2018-09-23 22:25:11,525 | DEBUG | [GLSThread-323092018] | com.abcib.gls.processor.EODProcessorImpl:processTransaction(56) | OpeningPositionDO List for EOD : [OpeningPositionDO [transactionSeq=2, instrumentName=APPL, accountId=101, accountType=E, openingQuantity=10000], OpeningPositionDO [transactionSeq=2, instrumentName=APPL, accountId=201, accountType=I, openingQuantity=-10000]] 
2018-09-23 22:25:11,526 | DEBUG | [GLSThread-323092018] | com.abcib.gls.processor.EODProcessorImpl:processTransaction(73) | EOD Position DO Map for EOD : {201I=EndOfDayPositionDO [transactionSeq=4, instrumentName=APPL, accountId=201, accountType=I, eodQuantity=-10000, deltaQuantity=null], 101E=EndOfDayPositionDO [transactionSeq=4, instrumentName=APPL, accountId=101, accountType=E, eodQuantity=10000, deltaQuantity=null]} 
2018-09-23 22:25:11,526 | DEBUG | [GLSThread-323092018] | com.abcib.gls.processor.EODProcessorImpl:processTransaction(79) | EOD key set to be processed : [201I, 101E] 
2018-09-23 22:25:11,526 | DEBUG | [GLSThread-323092018] | com.abcib.gls.processor.EODProcessorImpl:processTransaction(110) | EOD Position DO Map for EOD : {201I=EndOfDayPositionDO [transactionSeq=4, instrumentName=APPL, accountId=201, accountType=I, eodQuantity=-10000, deltaQuantity=null], 101E=EndOfDayPositionDO [transactionSeq=4, instrumentName=APPL, accountId=101, accountType=E, eodQuantity=10000, deltaQuantity=null]} 
2018-09-23 22:25:11,527 | DEBUG | [GLSThread-323092018] | com.abcib.gls.processor.EODProcessorImpl:processTransaction(114) | SOD Position DO Map for EOD : {201I=OpeningPositionDO [transactionSeq=2, instrumentName=APPL, accountId=201, accountType=I, openingQuantity=-10000], 101E=OpeningPositionDO [transactionSeq=2, instrumentName=APPL, accountId=101, accountType=E, openingQuantity=10000]} 
2018-09-23 22:25:11,631 | DEBUG | [GLSThread-323092018] | com.abcib.gls.processor.EODProcessorImpl:processTransaction(139) | Leaving processTransaction() 
2018-09-23 22:25:11,632 | DEBUG | [GLSThread-323092018] | com.abcib.gls.processor.EODProcessorImpl:processTransaction(41) | Entering processTransaction() for EndOfDayPositionDO [transactionSeq=4, instrumentName=AMZN, accountId=null, accountType=null, eodQuantity=null, deltaQuantity=null] 
2018-09-23 22:25:11,697 | DEBUG | [GLSThread-323092018] | com.abcib.gls.processor.EODProcessorImpl:processTransaction(56) | OpeningPositionDO List for EOD : [OpeningPositionDO [transactionSeq=2, instrumentName=AMZN, accountId=101, accountType=E, openingQuantity=-10000], OpeningPositionDO [transactionSeq=2, instrumentName=AMZN, accountId=201, accountType=I, openingQuantity=10000]] 
2018-09-23 22:25:11,698 | DEBUG | [GLSThread-323092018] | com.abcib.gls.processor.EODProcessorImpl:processTransaction(73) | EOD Position DO Map for EOD : {201I=EndOfDayPositionDO [transactionSeq=4, instrumentName=AMZN, accountId=201, accountType=I, eodQuantity=10000, deltaQuantity=null], 101E=EndOfDayPositionDO [transactionSeq=4, instrumentName=AMZN, accountId=101, accountType=E, eodQuantity=-10000, deltaQuantity=null]} 
2018-09-23 22:25:11,698 | DEBUG | [GLSThread-323092018] | com.abcib.gls.processor.EODProcessorImpl:processTransaction(79) | EOD key set to be processed : [201I, 101E] 
2018-09-23 22:25:11,699 | DEBUG | [GLSThread-323092018] | com.abcib.gls.processor.EODProcessorImpl:processTransaction(110) | EOD Position DO Map for EOD : {201I=EndOfDayPositionDO [transactionSeq=4, instrumentName=AMZN, accountId=201, accountType=I, eodQuantity=10000, deltaQuantity=null], 101E=EndOfDayPositionDO [transactionSeq=4, instrumentName=AMZN, accountId=101, accountType=E, eodQuantity=-10000, deltaQuantity=null]} 
2018-09-23 22:25:11,700 | DEBUG | [GLSThread-323092018] | com.abcib.gls.processor.EODProcessorImpl:processTransaction(114) | SOD Position DO Map for EOD : {201I=OpeningPositionDO [transactionSeq=2, instrumentName=AMZN, accountId=201, accountType=I, openingQuantity=10000], 101E=OpeningPositionDO [transactionSeq=2, instrumentName=AMZN, accountId=101, accountType=E, openingQuantity=-10000]} 
2018-09-23 22:25:11,840 | DEBUG | [GLSThread-323092018] | com.abcib.gls.processor.EODProcessorImpl:processTransaction(139) | Leaving processTransaction() 
2018-09-23 22:25:11,840 | DEBUG | [GLSThread-323092018] | com.abcib.gls.processor.EODProcessorImpl:processTransaction(41) | Entering processTransaction() for EndOfDayPositionDO [transactionSeq=4, instrumentName=NFLX, accountId=null, accountType=null, eodQuantity=null, deltaQuantity=null] 
2018-09-23 22:25:11,923 | DEBUG | [GLSThread-323092018] | com.abcib.gls.processor.EODProcessorImpl:processTransaction(56) | OpeningPositionDO List for EOD : [OpeningPositionDO [transactionSeq=2, instrumentName=NFLX, accountId=101, accountType=E, openingQuantity=100000000], OpeningPositionDO [transactionSeq=2, instrumentName=NFLX, accountId=201, accountType=I, openingQuantity=-100000000]] 
2018-09-23 22:25:11,924 | DEBUG | [GLSThread-323092018] | com.abcib.gls.processor.EODProcessorImpl:processTransaction(73) | EOD Position DO Map for EOD : {201I=EndOfDayPositionDO [transactionSeq=4, instrumentName=NFLX, accountId=201, accountType=I, eodQuantity=-100000000, deltaQuantity=null], 101E=EndOfDayPositionDO [transactionSeq=4, instrumentName=NFLX, accountId=101, accountType=E, eodQuantity=100000000, deltaQuantity=null]} 
2018-09-23 22:25:11,924 | DEBUG | [GLSThread-323092018] | com.abcib.gls.processor.EODProcessorImpl:processTransaction(79) | EOD key set to be processed : [201I, 101E] 
2018-09-23 22:25:11,924 | DEBUG | [GLSThread-323092018] | com.abcib.gls.processor.EODProcessorImpl:processTransaction(110) | EOD Position DO Map for EOD : {201I=EndOfDayPositionDO [transactionSeq=4, instrumentName=NFLX, accountId=201, accountType=I, eodQuantity=-100000000, deltaQuantity=null], 101E=EndOfDayPositionDO [transactionSeq=4, instrumentName=NFLX, accountId=101, accountType=E, eodQuantity=100000000, deltaQuantity=null]} 
2018-09-23 22:25:11,924 | DEBUG | [GLSThread-323092018] | com.abcib.gls.processor.EODProcessorImpl:processTransaction(114) | SOD Position DO Map for EOD : {201I=OpeningPositionDO [transactionSeq=2, instrumentName=NFLX, accountId=201, accountType=I, openingQuantity=-100000000], 101E=OpeningPositionDO [transactionSeq=2, instrumentName=NFLX, accountId=101, accountType=E, openingQuantity=100000000]} 
2018-09-23 22:25:12,052 | DEBUG | [GLSThread-323092018] | com.abcib.gls.processor.EODProcessorImpl:processTransaction(139) | Leaving processTransaction() 
2018-09-23 22:25:12,053 | DEBUG | [GLSThread-323092018] | com.abcib.gls.intf.feed.handler.ResponseFeedHandler:generateEODResponseFeed(87) | Entering generateEODResponseFeed() 
2018-09-23 22:25:12,332 | DEBUG | [GLSThread-323092018] | com.abcib.gls.intf.feed.handler.ResponseFeedHandler:generateEODResponseFeed(128) | Leaaving generateEODResponseFeed() 
2018-09-23 22:25:12,333 | FATAL | [GLSThread-323092018] | com.abcib.gls.intf.feed.handler.ResponseFeedHandler:handleEODTransactions(68) | End Of Day Feed has been generated successfully. 
2018-09-23 22:25:12,333 | DEBUG | [GLSThread-323092018] | com.abcib.gls.intf.feed.handler.ResponseFeedHandler:handleEODTransactions(80) | Leaving handleEODTransactions() 
2018-09-23 22:25:12,333 | DEBUG | [GLSThread-323092018] | com.abcib.gls.intf.feed.handler.RequestFeedHandler:handleTransactions(66) | Leaving handleTransactions() 
2018-09-23 22:25:12,336 | FATAL | [GLSThread-323092018] | com.abcib.gls.intf.feed.handler.RequestFeedHandler:movefileToAcceptPath(102) | 1_Input_Transactions.txt feed file has been processed successfully. 
2018-09-23 22:25:12,337 | DEBUG | [GLSThread-323092018] | com.abcib.gls.intf.feed.handler.FeedNotificationHandler:processFeed(76) | Leaving processOnlineTransactions() after feed processing for file: 1_Input_Transactions.txt 
2018-09-23 22:25:12,337 | DEBUG | [GLSThread-323092018] | com.abcib.gls.intf.feed.handler.FeedNotificationHandler:run(45) | Processing finished for feed file: 1_Input_Transactions.txt 
